<?xml version="1.0" encoding="UTF-8"?>
<!-- Generated by org.testng.reporters.JUnitReportReporter -->
<testsuite hostname="Sunil-PC" name="com.qa.hs.test.LoginTest" tests="1" failures="0" timestamp="27 Feb 2019 17:03:19 GMT" time="10.669" errors="0">
  <testcase name="loginTest" time="10.669" classname="com.qa.hs.test.LoginTest"/>
</testsuite> <!-- com.qa.hs.test.LoginTest -->
